{"C:\\Users\\zurok\\Desktop\\sasa\\task\\GameSaving.js": {"path":"C:\\Users\\zurok\\Desktop\\sasa\\task\\GameSaving.js","statementMap":{"0":{"start":{"line":3,"column":4},"end":{"line":3,"column":17}},"1":{"start":{"line":4,"column":4},"end":{"line":4,"column":27}},"2":{"start":{"line":5,"column":4},"end":{"line":5,"column":29}}},"fnMap":{"0":{"name":"(anonymous_0)","decl":{"start":{"line":2,"column":2},"end":{"line":2,"column":3}},"loc":{"start":{"line":2,"column":41},"end":{"line":6,"column":3}},"line":2}},"branchMap":{},"s":{"0":2,"1":2,"2":2},"f":{"0":2},"b":{},"_coverageSchema":"1a1c01bbd47fc00a2c39e90264f33305004495a9","hash":"92ff9fb35f3ed864cb22b6a3188348624e2ea8fb"}
,"C:\\Users\\zurok\\Desktop\\sasa\\task\\GameSavingLoader.js": {"path":"C:\\Users\\zurok\\Desktop\\sasa\\task\\GameSavingLoader.js","statementMap":{"0":{"start":{"line":7,"column":4},"end":{"line":16,"column":5}},"1":{"start":{"line":8,"column":19},"end":{"line":8,"column":31}},"2":{"start":{"line":9,"column":25},"end":{"line":9,"column":41}},"3":{"start":{"line":11,"column":6},"end":{"line":11,"column":51}},"4":{"start":{"line":13,"column":6},"end":{"line":13,"column":52}},"5":{"start":{"line":15,"column":6},"end":{"line":15,"column":70}}},"fnMap":{"0":{"name":"(anonymous_0)","decl":{"start":{"line":6,"column":2},"end":{"line":6,"column":3}},"loc":{"start":{"line":6,"column":22},"end":{"line":17,"column":3}},"line":6}},"branchMap":{},"s":{"0":3,"1":3,"2":2,"3":1,"4":1,"5":2},"f":{"0":3},"b":{},"_coverageSchema":"1a1c01bbd47fc00a2c39e90264f33305004495a9","hash":"2b2cc36ab5b33d79fca5b2231e438a4740dd17b8"}
,"C:\\Users\\zurok\\Desktop\\sasa\\task\\parser.js": {"path":"C:\\Users\\zurok\\Desktop\\sasa\\task\\parser.js","statementMap":{"0":{"start":{"line":2,"column":2},"end":{"line":12,"column":5}},"1":{"start":{"line":3,"column":4},"end":{"line":11,"column":12}},"2":{"start":{"line":4,"column":6},"end":{"line":10,"column":7}},"3":{"start":{"line":5,"column":23},"end":{"line":5,"column":60}},"4":{"start":{"line":6,"column":8},"end":{"line":6,"column":51}},"5":{"start":{"line":7,"column":8},"end":{"line":7,"column":24}},"6":{"start":{"line":9,"column":8},"end":{"line":9,"column":69}}},"fnMap":{"0":{"name":"json","decl":{"start":{"line":1,"column":24},"end":{"line":1,"column":28}},"loc":{"start":{"line":1,"column":35},"end":{"line":13,"column":1}},"line":1},"1":{"name":"(anonymous_1)","decl":{"start":{"line":2,"column":21},"end":{"line":2,"column":22}},"loc":{"start":{"line":2,"column":42},"end":{"line":12,"column":3}},"line":2},"2":{"name":"(anonymous_2)","decl":{"start":{"line":3,"column":15},"end":{"line":3,"column":16}},"loc":{"start":{"line":3,"column":21},"end":{"line":11,"column":5}},"line":3}},"branchMap":{},"s":{"0":2,"1":2,"2":2,"3":2,"4":1,"5":1,"6":1},"f":{"0":2,"1":2,"2":2},"b":{},"_coverageSchema":"1a1c01bbd47fc00a2c39e90264f33305004495a9","hash":"4d7675461f17be5a81b4bda1ce8f4db9497c42aa"}
,"C:\\Users\\zurok\\Desktop\\sasa\\task\\reader.js": {"path":"C:\\Users\\zurok\\Desktop\\sasa\\task\\reader.js","statementMap":{"0":{"start":{"line":2,"column":2},"end":{"line":10,"column":5}},"1":{"start":{"line":3,"column":4},"end":{"line":9,"column":13}},"2":{"start":{"line":5,"column":8},"end":{"line":5,"column":100}},"3":{"start":{"line":7,"column":21},"end":{"line":7,"column":58}},"4":{"start":{"line":8,"column":6},"end":{"line":8,"column":22}}},"fnMap":{"0":{"name":"read","decl":{"start":{"line":1,"column":24},"end":{"line":1,"column":28}},"loc":{"start":{"line":1,"column":31},"end":{"line":11,"column":1}},"line":1},"1":{"name":"(anonymous_1)","decl":{"start":{"line":2,"column":21},"end":{"line":2,"column":22}},"loc":{"start":{"line":2,"column":34},"end":{"line":10,"column":3}},"line":2},"2":{"name":"(anonymous_2)","decl":{"start":{"line":3,"column":15},"end":{"line":3,"column":16}},"loc":{"start":{"line":3,"column":21},"end":{"line":9,"column":5}},"line":3}},"branchMap":{},"s":{"0":1,"1":1,"2":1,"3":1,"4":1},"f":{"0":1,"1":1,"2":1},"b":{},"_coverageSchema":"1a1c01bbd47fc00a2c39e90264f33305004495a9","hash":"4ca8e78012003a681ffcf56fe0d9146f85e23d2e"}
}
